# JRE version: Java(TM) SE Runtime Environment (21.0.8+12) (build 21.0.8+12-LTS-250)
# Java VM: Java HotSpot(TM) 64-Bit Server VM (21.0.8+12-LTS-250, mixed mode, sharing, tiered, compressed oops, compressed class ptrs, g1 gc, windows-amd64)
GC Precious Log:
 CardTable entry size: 512
 Card Set container configuration: InlinePtr #cards 4 size 8 Array Of Cards #cards 32 size 80 Howl #buckets 8 coarsen threshold 7372 Howl Bitmap #cards 1024 size 144 coarsen threshold 921 Card regions per heap region 1 cards per card region 8192
 CPUs: 12 total, 12 available
 Memory: 32175M
 Large Page Support: Disabled
 NUMA Support: Disabled
 Compressed Oops: Enabled (Zero based)
 Heap Region Size: 4M
 Heap Min Capacity: 8M
 Heap Initial Capacity: 504M
 Heap Max Capacity: 8044M
 Pre-touch: Disabled
 Parallel Workers: 10
 Concurrent Workers: 3
 Concurrent Refinement Workers: 10
 Periodic GC: Disabled
Heap:
 garbage-first heap   total 172032K, used 117039K [0x0000000609400000, 0x0000000800000000)
  region size 4096K, 9 young (36864K), 2 survivors (8192K)
 Metaspace       used 128952K, committed 130368K, reserved 1179648K
  class space    used 16640K, committed 17280K, reserved 1048576K
GC Heap History (20 events):
Event: 203.439 GC heap before
{Heap before GC invocations=44 (full 2):
 garbage-first heap   total 159744K, used 141402K [0x0000000609400000, 0x0000000800000000)
  region size 4096K, 16 young (65536K), 1 survivors (4096K)
 Metaspace       used 126275K, committed 127680K, reserved 1179648K
  class space    used 16484K, committed 17152K, reserved 1048576K
}
Event: 203.442 GC heap after
{Heap after GC invocations=45 (full 2):
 garbage-first heap   total 159744K, used 81904K [0x0000000609400000, 0x0000000800000000)
  region size 4096K, 2 young (8192K), 2 survivors (8192K)
 Metaspace       used 126275K, committed 127680K, reserved 1179648K
  class space    used 16484K, committed 17152K, reserved 1048576K
}
Event: 203.997 GC heap before
{Heap before GC invocations=46 (full 2):
 garbage-first heap   total 159744K, used 135152K [0x0000000609400000, 0x0000000800000000)
  region size 4096K, 15 young (61440K), 2 survivors (8192K)
 Metaspace       used 126391K, committed 127744K, reserved 1179648K
  class space    used 16488K, committed 17152K, reserved 1048576K
}
Event: 204.002 GC heap after
{Heap after GC invocations=47 (full 2):
 garbage-first heap   total 159744K, used 83314K [0x0000000609400000, 0x0000000800000000)
  region size 4096K, 2 young (8192K), 2 survivors (8192K)
 Metaspace       used 126391K, committed 127744K, reserved 1179648K
  class space    used 16488K, committed 17152K, reserved 1048576K
}
Event: 211.191 GC heap before
{Heap before GC invocations=47 (full 2):
 garbage-first heap   total 159744K, used 99698K [0x0000000609400000, 0x0000000800000000)
  region size 4096K, 7 young (28672K), 2 survivors (8192K)
 Metaspace       used 126747K, committed 128192K, reserved 1179648K
  class space    used 16511K, committed 17152K, reserved 1048576K
}
Event: 211.315 GC heap after
{Heap after GC invocations=48 (full 3):
 garbage-first heap   total 159744K, used 75556K [0x0000000609400000, 0x0000000800000000)
  region size 4096K, 0 young (0K), 0 survivors (0K)
 Metaspace       used 126744K, committed 128192K, reserved 1179648K
  class space    used 16511K, committed 17152K, reserved 1048576K
}
Event: 212.543 GC heap before
{Heap before GC invocations=48 (full 3):
 garbage-first heap   total 159744K, used 145188K [0x0000000609400000, 0x0000000800000000)
  region size 4096K, 17 young (69632K), 0 survivors (0K)
 Metaspace       used 127023K, committed 128448K, reserved 1179648K
  class space    used 16537K, committed 17216K, reserved 1048576K
}
Event: 212.547 GC heap after
{Heap after GC invocations=49 (full 3):
 garbage-first heap   total 159744K, used 80739K [0x0000000609400000, 0x0000000800000000)
  region size 4096K, 2 young (8192K), 2 survivors (8192K)
 Metaspace       used 127023K, committed 128448K, reserved 1179648K
  class space    used 16537K, committed 17216K, reserved 1048576K
}
Event: 213.004 GC heap before
{Heap before GC invocations=50 (full 3):
 garbage-first heap   total 159744K, used 133987K [0x0000000609400000, 0x0000000800000000)
  region size 4096K, 15 young (61440K), 2 survivors (8192K)
 Metaspace       used 127155K, committed 128576K, reserved 1179648K
  class space    used 16546K, committed 17216K, reserved 1048576K
}
Event: 213.007 GC heap after
{Heap after GC invocations=51 (full 3):
 garbage-first heap   total 159744K, used 82652K [0x0000000609400000, 0x0000000800000000)
  region size 4096K, 1 young (4096K), 1 survivors (4096K)
 Metaspace       used 127155K, committed 128576K, reserved 1179648K
  class space    used 16546K, committed 17216K, reserved 1048576K
}
Event: 214.096 GC heap before
{Heap before GC invocations=51 (full 3):
 garbage-first heap   total 159744K, used 135900K [0x0000000609400000, 0x0000000800000000)
  region size 4096K, 14 young (57344K), 1 survivors (4096K)
 Metaspace       used 127744K, committed 129152K, reserved 1179648K
  class space    used 16579K, committed 17216K, reserved 1048576K
}
Event: 214.101 GC heap after
{Heap after GC invocations=52 (full 3):
 garbage-first heap   total 159744K, used 85636K [0x0000000609400000, 0x0000000800000000)
  region size 4096K, 2 young (8192K), 2 survivors (8192K)
 Metaspace       used 127744K, committed 129152K, reserved 1179648K
  class space    used 16579K, committed 17216K, reserved 1048576K
}
Event: 214.380 GC heap before
{Heap before GC invocations=52 (full 3):
 garbage-first heap   total 159744K, used 134788K [0x0000000609400000, 0x0000000800000000)
  region size 4096K, 14 young (57344K), 2 survivors (8192K)
 Metaspace       used 127912K, committed 129344K, reserved 1179648K
  class space    used 16588K, committed 17280K, reserved 1048576K
}
Event: 214.385 GC heap after
{Heap after GC invocations=53 (full 3):
 garbage-first heap   total 159744K, used 87516K [0x0000000609400000, 0x0000000800000000)
  region size 4096K, 2 young (8192K), 2 survivors (8192K)
 Metaspace       used 127912K, committed 129344K, reserved 1179648K
  class space    used 16588K, committed 17280K, reserved 1048576K
}
Event: 214.704 GC heap before
{Heap before GC invocations=54 (full 3):
 garbage-first heap   total 172032K, used 132572K [0x0000000609400000, 0x0000000800000000)
  region size 4096K, 13 young (53248K), 2 survivors (8192K)
 Metaspace       used 127930K, committed 129344K, reserved 1179648K
  class space    used 16588K, committed 17280K, reserved 1048576K
}
Event: 214.708 GC heap after
{Heap after GC invocations=55 (full 3):
 garbage-first heap   total 172032K, used 88877K [0x0000000609400000, 0x0000000800000000)
  region size 4096K, 1 young (4096K), 1 survivors (4096K)
 Metaspace       used 127930K, committed 129344K, reserved 1179648K
  class space    used 16588K, committed 17280K, reserved 1048576K
}
Event: 215.182 GC heap before
{Heap before GC invocations=55 (full 3):
 garbage-first heap   total 172032K, used 154413K [0x0000000609400000, 0x0000000800000000)
  region size 4096K, 17 young (69632K), 1 survivors (4096K)
 Metaspace       used 127955K, committed 129408K, reserved 1179648K
  class space    used 16593K, committed 17280K, reserved 1048576K
}
Event: 215.186 GC heap after
{Heap after GC invocations=56 (full 3):
 garbage-first heap   total 172032K, used 90742K [0x0000000609400000, 0x0000000800000000)
  region size 4096K, 2 young (8192K), 2 survivors (8192K)
 Metaspace       used 127955K, committed 129408K, reserved 1179648K
  class space    used 16593K, committed 17280K, reserved 1048576K
}
Event: 239.081 GC heap before
{Heap before GC invocations=57 (full 3):
 garbage-first heap   total 172032K, used 148086K [0x0000000609400000, 0x0000000800000000)
  region size 4096K, 16 young (65536K), 2 survivors (8192K)
 Metaspace       used 128417K, committed 129856K, reserved 1179648K
  class space    used 16617K, committed 17280K, reserved 1048576K
}
Event: 239.085 GC heap after
{Heap after GC invocations=58 (full 3):
 garbage-first heap   total 172032K, used 92463K [0x0000000609400000, 0x0000000800000000)
  region size 4096K, 2 young (8192K), 2 survivors (8192K)
 Metaspace       used 128417K, committed 129856K, reserved 1179648K
  class space    used 16617K, committed 17280K, reserved 1048576K
}

